This is pdfTeX, Version 3.14159265-2.6-1.40.16 (TeX Live 2015/Debian) (preloaded format=pdflatex 2016.12.17)  13 JAN 2017 20:56
entering extended mode
 restricted \write18 enabled.
 %&-line parsing enabled.
**doc.tex
(./doc.tex
LaTeX2e <2016/02/01>
Babel <3.9q> and hyphenation patterns for 5 language(s) loaded.
(/usr/share/texlive/texmf-dist/tex/latex/base/article.cls
Document Class: article 2014/09/29 v1.4h Standard LaTeX document class
(/usr/share/texlive/texmf-dist/tex/latex/base/size12.clo
File: size12.clo 2014/09/29 v1.4h Standard LaTeX file (size option)
)
\c@part=\count79
\c@section=\count80
\c@subsection=\count81
\c@subsubsection=\count82
\c@paragraph=\count83
\c@subparagraph=\count84
\c@figure=\count85
\c@table=\count86
\abovecaptionskip=\skip41
\belowcaptionskip=\skip42
\bibindent=\dimen102
)
(/usr/share/texlive/texmf-dist/tex/latex/geometry/geometry.sty
Package: geometry 2010/09/12 v5.6 Page Geometry

(/usr/share/texlive/texmf-dist/tex/latex/graphics/keyval.sty
Package: keyval 2014/10/28 v1.15 key=value parser (DPC)
\KV@toks@=\toks14
)
(/usr/share/texlive/texmf-dist/tex/generic/oberdiek/ifpdf.sty
Package: ifpdf 2011/01/30 v2.3 Provides the ifpdf switch (HO)
Package ifpdf Info: pdfTeX in PDF mode is detected.
)
(/usr/share/texlive/texmf-dist/tex/generic/oberdiek/ifvtex.sty
Package: ifvtex 2010/03/01 v1.5 Detect VTeX and its facilities (HO)
Package ifvtex Info: VTeX not detected.
)
(/usr/share/texlive/texmf-dist/tex/generic/ifxetex/ifxetex.sty
Package: ifxetex 2010/09/12 v0.6 Provides ifxetex conditional
)
\Gm@cnth=\count87
\Gm@cntv=\count88
\c@Gm@tempcnt=\count89
\Gm@bindingoffset=\dimen103
\Gm@wd@mp=\dimen104
\Gm@odd@mp=\dimen105
\Gm@even@mp=\dimen106
\Gm@layoutwidth=\dimen107
\Gm@layoutheight=\dimen108
\Gm@layouthoffset=\dimen109
\Gm@layoutvoffset=\dimen110
\Gm@dimlist=\toks15
) (./doc.aux)
\openout1 = `doc.aux'.

LaTeX Font Info:    Checking defaults for OML/cmm/m/it on input line 15.
LaTeX Font Info:    ... okay on input line 15.
LaTeX Font Info:    Checking defaults for T1/cmr/m/n on input line 15.
LaTeX Font Info:    ... okay on input line 15.
LaTeX Font Info:    Checking defaults for OT1/cmr/m/n on input line 15.
LaTeX Font Info:    ... okay on input line 15.
LaTeX Font Info:    Checking defaults for OMS/cmsy/m/n on input line 15.
LaTeX Font Info:    ... okay on input line 15.
LaTeX Font Info:    Checking defaults for OMX/cmex/m/n on input line 15.
LaTeX Font Info:    ... okay on input line 15.
LaTeX Font Info:    Checking defaults for U/cmr/m/n on input line 15.
LaTeX Font Info:    ... okay on input line 15.

*geometry* driver: auto-detecting
*geometry* detected driver: pdftex
*geometry* verbose mode - [ preamble ] result:
* driver: pdftex
* paper: a4paper
* layout: <same size as paper>
* layoutoffset:(h,v)=(0.0pt,0.0pt)
* modes: 
* h-part:(L,W,R)=(72.26999pt, 452.9679pt, 72.26999pt)
* v-part:(T,H,B)=(72.26999pt, 700.50687pt, 72.26999pt)
* \paperwidth=597.50787pt
* \paperheight=845.04684pt
* \textwidth=452.9679pt
* \textheight=700.50687pt
* \oddsidemargin=0.0pt
* \evensidemargin=0.0pt
* \topmargin=-37.0pt
* \headheight=12.0pt
* \headsep=25.0pt
* \topskip=12.0pt
* \footskip=30.0pt
* \marginparwidth=35.0pt
* \marginparsep=10.0pt
* \columnsep=10.0pt
* \skip\footins=10.8pt plus 4.0pt minus 2.0pt
* \hoffset=0.0pt
* \voffset=0.0pt
* \mag=1000
* \@twocolumnfalse
* \@twosidefalse
* \@mparswitchfalse
* \@reversemarginfalse
* (1in=72.27pt=25.4mm, 1cm=28.453pt)


Overfull \hbox (6.51761pt too wide) in paragraph at lines 19--22
[]\OT1/cmr/m/n/12 Stoln^^Sych hier je ne-spo^^Tcetne ve[]la, no z na^^Tsej sk^^
Susenosti vieme, ^^Tze zdie[]laj^^Su ve[]la spolo^^Tcn^^Sych
 []


Overfull \hbox (0.66899pt too wide) in paragraph at lines 71--75
[]\OT1/cmr/m/n/12 Mo^^Tznos[]t \OT1/cmr/bx/n/12 vytv^^Sara[]t a ru^^Tsi[]t hern
^^Se ob-jekty \OT1/cmr/m/n/12 s r^oznymi parame-trami. Napr^^S^^Pklad
 []


Overfull \hbox (2.20927pt too wide) in paragraph at lines 71--75
\OT1/cmr/m/n/12 na za^^Tciatku par-tie ^^Tsachu chceme vytvori[]t hern^^Su dosk
u, pol^^S^^P^^Tcka na nej (s parame-
 []

LaTeX Font Info:    External font `cmex10' loaded for size
(Font)              <12> on input line 81.
LaTeX Font Info:    External font `cmex10' loaded for size
(Font)              <8> on input line 81.
LaTeX Font Info:    External font `cmex10' loaded for size
(Font)              <6> on input line 81.

Overfull \hbox (0.76205pt too wide) in paragraph at lines 91--96
\OT1/cmr/m/n/12 aby sme si za-pam^^?atali hod-notu $\OML/cmm/m/it/12 X; Y; []$ 
\OT1/cmr/m/n/12 (ktor^^Se ne-jako vypo^^Tc^^S^^Ptame) na neskor^^Tsie
 []

[1

{/var/lib/texmf/fonts/map/pdftex/updmap/pdftex.map}]
Overfull \hbox (34.38148pt too wide) in paragraph at lines 139--141
[]\OT1/cmr/m/n/12 Funkcie -- []\OT1/cmtt/m/n/12 <navratovy_typ> <nazov_funkcie>
 <zoznam_argumentov> <telo_funkcie>
 []

[2]
Overfull \hbox (75.00392pt too wide) in paragraph at lines 180--183
[][]\OT1/cmtt/m/n/12 collect <zoznam_argumentov_dlzky_k> from <mnozina> with <k
-arny_predikat>
 []


Overfull \hbox (71.55672pt too wide) in paragraph at lines 194--197
[][]\OT1/cmtt/m/n/12 for <zoznam_argumentov_dlzky_k> from <mnozina> with <k-arn
y_predikat> <telo>
 []


Overfull \hbox (46.8567pt too wide) in paragraph at lines 203--206
[][]\OT1/cmtt/m/n/12 chosen <zoznam_argumentov_dlzky_k> from <mnozina> with <k-
arny_predikat>
 []


Overfull \hbox (40.6817pt too wide) in paragraph at lines 206--211
[][]\OT1/cmtt/m/n/12 setup <zoznam_argumentov_dlzky_k> from <mnozina> with <k-a
rny_predikat>
 []


Overfull \hbox (9.05545pt too wide) in paragraph at lines 206--211
\OT1/cmr/m/n/12 -- sp^^Sytame sa \OT1/cmr/bx/n/12 game-mastera \OT1/cmr/m/n/12 
na $\OML/cmm/m/it/12 k$\OT1/cmr/m/n/12 -ticu ob-jek-tov s ne-jakou vlast-nos[]t
ou. U^^Tzito^^Tcn^^Se
 []

[3] [4] (./doc.aux) ) 
Here is how much of TeX's memory you used:
 765 strings out of 494919
 10268 string characters out of 6179679
 71995 words of memory out of 5000000
 4108 multiletter control sequences out of 15000+600000
 8097 words of font info for 29 fonts, out of 8000000 for 9000
 24 hyphenation exceptions out of 8191
 23i,5n,29p,152b,299s stack positions out of 5000i,500n,10000p,200000b,80000s
</usr/share/texlive/texmf-dist/fonts/type1/public/amsfonts
/cm/cmbx12.pfb></usr/share/texlive/texmf-dist/fonts/type1/public/amsfonts/cm/cm
csc10.pfb></usr/share/texlive/texmf-dist/fonts/type1/public/amsfonts/cm/cmmi12.
pfb></usr/share/texlive/texmf-dist/fonts/type1/public/amsfonts/cm/cmr12.pfb></u
sr/share/texlive/texmf-dist/fonts/type1/public/amsfonts/cm/cmsy10.pfb></usr/sha
re/texlive/texmf-dist/fonts/type1/public/amsfonts/cm/cmti12.pfb></usr/share/tex
live/texmf-dist/fonts/type1/public/amsfonts/cm/cmtt12.pfb>
Output written on doc.pdf (4 pages, 89579 bytes).
PDF statistics:
 45 PDF objects out of 1000 (max. 8388607)
 31 compressed objects within 1 object stream
 0 named destinations out of 1000 (max. 500000)
 1 words of extra memory for PDF output out of 10000 (max. 10000000)

